File download and check MD5 done.File download and check MD5 done.File download and check MD5 done.File download and check MD5 done.File complete.Check MD5 done.File complete.Check MD5 done.File incomplete.File incomplete.File incomplete.cmd is errorFile complete.Check MD5 done.File incomplete.File complete.Check MD5 done.File complete.Check MD5 done.File complete.File incomplete.File complete.Check MD5 done.File complete.Check MD5 done.File complete.MD5 is incorrect.File complete.MD5 is incorrect.File complete.
Check MD5 done.
File complete.
MD5 is incorrect.
File complete.
MD5 is incorrect.
File complete.
MD5 is incorrect.
File complete.
Check MD5 done.
File complete.
Check MD5 done.
File complete.
Check MD5 done.
File complete.
Check MD5 done.
File upload completed.
File upload completed.
File upload completed.
File upload completed.
File upload failed.
File upload completed.
File upload completed.
Mkdir complete.
Del complete.
Not this path or insufficient permissions, unable to return to previous level.
C:\Users\邹嘉炜\Desktop\Luffy\Project\Multi_User_FTP\client\downloads/1.mp4 complete.
Check MD5 done, to C:\Users\邹嘉炜\Desktop\Luffy\Project\Multi_User_FTP\client\downloads/1.mp4
1.mp4 download complete.
MD5 is incorrect to C:\Users\邹嘉炜\Desktop\Luffy\Project\Multi_User_FTP\client\downloads/1.mp4
1.mp4 download complete.
Check MD5 done to C:\Users\邹嘉炜\Desktop\Luffy\Project\Multi_User_FTP\client\downloads/1.mp4
2.mp4 download complete.
Check MD5 done to C:\Users\邹嘉炜\Desktop\Luffy\Project\Multi_User_FTP\client\downloads/2.mp4
1.mp4 download complete.
Check MD5 done to C:\Users\邹嘉炜\Desktop\Luffy\Project\Multi_User_FTP\client\downloads/1.mp4
2.mp4 download complete.
Check MD5 done to C:\Users\邹嘉炜\Desktop\Luffy\Project\Multi_User_FTP\client\downloads/2.mp4
2.txt download complete.
Check MD5 done to C:\Users\邹嘉炜\Desktop\Luffy\Project\Multi_User_FTP\client\downloads/2.txt
MD5 is incorrect to C:\Users\邹嘉炜\Desktop\Luffy\Project\Multi_User_FTP\client\downloads/3.mp4
1.mp4 download complete.
Check MD5 done to C:\Users\邹嘉炜\Desktop\Luffy\Project\Multi_User_FTP\client\downloads/1.mp4
2.mp4 download complete.
Check MD5 done to C:\Users\邹嘉炜\Desktop\Luffy\Project\Multi_User_FTP\client\downloads/2.mp4
C:\Users\邹嘉炜\Desktop\Luffy\Project\Multi_User_FTP\client\share/1.mp4 again upload completed.
C:\Users\邹嘉炜\Desktop\Luffy\Project\Multi_User_FTP\client\share/2.txt upload completed.
C:\Users\邹嘉炜\Desktop\Luffy\Project\Multi_User_FTP\client\share/1.mp4 again upload completed.
C:\Users\邹嘉炜\Desktop\Luffy\Project\Multi_User_FTP\client\share/2.txt again upload completed.
C:\Users\邹嘉炜\Desktop\Luffy\Project\Multi_User_FTP\client\share/2.txt upload completed.
C:\Users\邹嘉炜\Desktop\Luffy\Project\Multi_User_FTP\client\share/2.txt again upload completed.
C:\Users\邹嘉炜\Desktop\Luffy\Project\Multi_User_FTP\client\share/2.txt again upload completed.
C:\Users\邹嘉炜\Desktop\Luffy\Project\Multi_User_FTP\client\share/2.txt again upload completed.
C:\Users\邹嘉炜\Desktop\Luffy\Project\Multi_User_FTP\client\share/2.txt again upload completed.
C:\Users\邹嘉炜\Desktop\Luffy\Project\Multi_User_FTP\client\share/2.txt again upload completed.
C:\Users\邹嘉炜\Desktop\Luffy\Project\Multi_User_FTP\client\share/2.txt again upload completed.
C:\Users\邹嘉炜\Desktop\Luffy\Project\Multi_User_FTP\client\share/2.txt again upload completed.
C:\Users\邹嘉炜\Desktop\Luffy\Project\Multi_User_FTP\client\share/2.txt again upload completed.
C:\Users\邹嘉炜\Desktop\Luffy\Project\Multi_User_FTP\client\share/2.txt again upload completed.
C:\Users\邹嘉炜\Desktop\Luffy\Project\Multi_User_FTP\client\share/2.txt again upload completed.
C:\Users\邹嘉炜\Desktop\Luffy\Project\Multi_User_FTP\client\share/2.txt again upload completed.
C:\Users\邹嘉炜\Desktop\Luffy\Project\Multi_User_FTP\client\share/2.txt again upload completed.
C:\Users\邹嘉炜\Desktop\Luffy\Project\Multi_User_FTP\client\share/2.txt again upload completed.
C:\Users\邹嘉炜\Desktop\Luffy\Project\Multi_User_FTP\client\share/2.txt again upload completed.
C:\Users\邹嘉炜\Desktop\Luffy\Project\Multi_User_FTP\client\share/2.txt again upload completed.
C:\Users\邹嘉炜\Desktop\Luffy\Project\Multi_User_FTP\client\share/2.txt again upload completed.
Mkdir complete.
1.mp4 download complete.
Check MD5 done to C:\Users\邹嘉炜\Desktop\Luffy\Project\Multi_User_FTP\client\downloads/1.mp4
Del complete.
Del complete.
Mkdir complete.
Mkdir complete.
1.mp4 download complete.
Check MD5 done to C:\Users\邹嘉炜\Desktop\Luffy\Project\Multi_User_FTP\client\downloads/1.mp4
2.txt download complete.
Check MD5 done to G:\luffy\Project\Multi_User_FTP\client\downloads/2.txt
